CREATE TABLE
ALTER TABLE
CREATE TABLE
ALTER TABLE
CREATE TABLE
ALTER TABLE
CREATE FUNCTION
CREATE TRIGGER
CREATE TRIGGER
CREATE VIEW
ALTER TABLE
CREATE TABLE
ALTER TABLE
INSERT 0 2
CREATE TABLE
ALTER TABLE
INSERT 0 64
CREATE TABLE
ALTER TABLE
INSERT 0 21
CREATE TABLE
ALTER TABLE
CREATE FUNCTION
INSERT 0 8
CREATE VIEW
ALTER TABLE
CREATE VIEW
ALTER TABLE
CREATE TABLE
INSERT 0 11
ALTER TABLE
CREATE TABLE
ALTER TABLE
INSERT 0 1
CREATE TABLE
ALTER TABLE
INSERT 0 2
CREATE TABLE
ALTER TABLE
INSERT 0 3
CREATE TABLE
ALTER TABLE
COPY 468
CREATE TABLE
ALTER TABLE
COPY 36663
CREATE VIEW
ALTER VIEW
CREATE VIEW
ALTER VIEW
CREATE VIEW
ALTER VIEW
CREATE VIEW
ALTER VIEW
